# JRE version: Java(TM) SE Runtime Environment (20.0.2+9) (build 20.0.2+9-78)
# Java VM: Java HotSpot(TM) 64-Bit Server VM (20.0.2+9-78, mixed mode, emulated-client, sharing, tiered, compressed oops, compressed class ptrs, g1 gc, windows-amd64)
GC Precious Log:
 CardTable entry size: 512
 Card Set container configuration: InlinePtr #cards 4 size 8 Array Of Cards #cards 16 size 48 Howl #buckets 8 coarsen threshold 3686 Howl Bitmap #cards 512 size 80 coarsen threshold 460 Card regions per heap region 1 cards per card region 4096
 CPUs: 12 total, 12 available
 Memory: 12063M
 Large Page Support: Disabled
 NUMA Support: Disabled
 Compressed Oops: Enabled (Zero based)
 Heap Region Size: 2M
 Heap Min Capacity: 8M
 Heap Initial Capacity: 190M
 Heap Max Capacity: 3016M
 Pre-touch: Disabled
 Parallel Workers: 10
 Concurrent Workers: 3
 Concurrent Refinement Workers: 10
 Periodic GC: Disabled
Heap:
 garbage-first heap   total 184320K, used 48406K [0x0000000743800000, 0x0000000800000000)
  region size 2048K, 1 young (2048K), 1 survivors (2048K)
 Metaspace       used 81727K, committed 83328K, reserved 1179648K
  class space    used 11768K, committed 12416K, reserved 1048576K
GC Heap History (20 events):
Event: 844.662 GC heap after
{Heap after GC invocations=50 (full 0):
 garbage-first heap   total 192512K, used 50351K [0x0000000743800000, 0x0000000800000000)
  region size 2048K, 2 young (4096K), 2 survivors (4096K)
 Metaspace       used 81815K, committed 83328K, reserved 1179648K
  class space    used 11793K, committed 12416K, reserved 1048576K
}
Event: 846.200 GC heap before
{Heap before GC invocations=51 (full 0):
 garbage-first heap   total 192512K, used 160943K [0x0000000743800000, 0x0000000800000000)
  region size 2048K, 56 young (114688K), 2 survivors (4096K)
 Metaspace       used 81815K, committed 83328K, reserved 1179648K
  class space    used 11793K, committed 12416K, reserved 1048576K
}
Event: 846.204 GC heap after
{Heap after GC invocations=52 (full 0):
 garbage-first heap   total 192512K, used 50483K [0x0000000743800000, 0x0000000800000000)
  region size 2048K, 1 young (2048K), 1 survivors (2048K)
 Metaspace       used 81815K, committed 83328K, reserved 1179648K
  class space    used 11793K, committed 12416K, reserved 1048576K
}
Event: 847.977 GC heap before
{Heap before GC invocations=52 (full 0):
 garbage-first heap   total 192512K, used 163123K [0x0000000743800000, 0x0000000800000000)
  region size 2048K, 56 young (114688K), 1 survivors (2048K)
 Metaspace       used 81815K, committed 83328K, reserved 1179648K
  class space    used 11793K, committed 12416K, reserved 1048576K
}
Event: 848.006 GC heap after
{Heap after GC invocations=53 (full 0):
 garbage-first heap   total 192512K, used 49799K [0x0000000743800000, 0x0000000800000000)
  region size 2048K, 1 young (2048K), 1 survivors (2048K)
 Metaspace       used 81815K, committed 83328K, reserved 1179648K
  class space    used 11793K, committed 12416K, reserved 1048576K
}
Event: 851.292 GC heap before
{Heap before GC invocations=53 (full 0):
 garbage-first heap   total 192512K, used 160391K [0x0000000743800000, 0x0000000800000000)
  region size 2048K, 56 young (114688K), 1 survivors (2048K)
 Metaspace       used 81815K, committed 83328K, reserved 1179648K
  class space    used 11793K, committed 12416K, reserved 1048576K
}
Event: 851.303 GC heap after
{Heap after GC invocations=54 (full 0):
 garbage-first heap   total 192512K, used 49490K [0x0000000743800000, 0x0000000800000000)
  region size 2048K, 1 young (2048K), 1 survivors (2048K)
 Metaspace       used 81815K, committed 83328K, reserved 1179648K
  class space    used 11793K, committed 12416K, reserved 1048576K
}
Event: 858.327 GC heap before
{Heap before GC invocations=54 (full 0):
 garbage-first heap   total 192512K, used 162130K [0x0000000743800000, 0x0000000800000000)
  region size 2048K, 56 young (114688K), 1 survivors (2048K)
 Metaspace       used 81815K, committed 83328K, reserved 1179648K
  class space    used 11793K, committed 12416K, reserved 1048576K
}
Event: 858.331 GC heap after
{Heap after GC invocations=55 (full 0):
 garbage-first heap   total 192512K, used 49529K [0x0000000743800000, 0x0000000800000000)
  region size 2048K, 1 young (2048K), 1 survivors (2048K)
 Metaspace       used 81815K, committed 83328K, reserved 1179648K
  class space    used 11793K, committed 12416K, reserved 1048576K
}
Event: 863.629 GC heap before
{Heap before GC invocations=56 (full 0):
 garbage-first heap   total 184320K, used 158073K [0x0000000743800000, 0x0000000800000000)
  region size 2048K, 54 young (110592K), 1 survivors (2048K)
 Metaspace       used 81778K, committed 83328K, reserved 1179648K
  class space    used 11782K, committed 12416K, reserved 1048576K
}
Event: 863.632 GC heap after
{Heap after GC invocations=57 (full 0):
 garbage-first heap   total 184320K, used 49488K [0x0000000743800000, 0x0000000800000000)
  region size 2048K, 1 young (2048K), 1 survivors (2048K)
 Metaspace       used 81778K, committed 83328K, reserved 1179648K
  class space    used 11782K, committed 12416K, reserved 1048576K
}
Event: 865.123 GC heap before
{Heap before GC invocations=57 (full 0):
 garbage-first heap   total 184320K, used 158032K [0x0000000743800000, 0x0000000800000000)
  region size 2048K, 54 young (110592K), 1 survivors (2048K)
 Metaspace       used 81778K, committed 83328K, reserved 1179648K
  class space    used 11782K, committed 12416K, reserved 1048576K
}
Event: 865.130 GC heap after
{Heap after GC invocations=58 (full 0):
 garbage-first heap   total 184320K, used 48815K [0x0000000743800000, 0x0000000800000000)
  region size 2048K, 1 young (2048K), 1 survivors (2048K)
 Metaspace       used 81778K, committed 83328K, reserved 1179648K
  class space    used 11782K, committed 12416K, reserved 1048576K
}
Event: 867.215 GC heap before
{Heap before GC invocations=58 (full 0):
 garbage-first heap   total 184320K, used 157359K [0x0000000743800000, 0x0000000800000000)
  region size 2048K, 54 young (110592K), 1 survivors (2048K)
 Metaspace       used 81778K, committed 83328K, reserved 1179648K
  class space    used 11782K, committed 12416K, reserved 1048576K
}
Event: 867.217 GC heap after
{Heap after GC invocations=59 (full 0):
 garbage-first heap   total 184320K, used 49177K [0x0000000743800000, 0x0000000800000000)
  region size 2048K, 1 young (2048K), 1 survivors (2048K)
 Metaspace       used 81778K, committed 83328K, reserved 1179648K
  class space    used 11782K, committed 12416K, reserved 1048576K
}
Event: 868.631 GC heap before
{Heap before GC invocations=60 (full 0):
 garbage-first heap   total 184320K, used 157721K [0x0000000743800000, 0x0000000800000000)
  region size 2048K, 54 young (110592K), 1 survivors (2048K)
 Metaspace       used 81726K, committed 83328K, reserved 1179648K
  class space    used 11768K, committed 12416K, reserved 1048576K
}
Event: 868.632 GC heap after
{Heap after GC invocations=61 (full 0):
 garbage-first heap   total 184320K, used 49097K [0x0000000743800000, 0x0000000800000000)
  region size 2048K, 1 young (2048K), 1 survivors (2048K)
 Metaspace       used 81726K, committed 83328K, reserved 1179648K
  class space    used 11768K, committed 12416K, reserved 1048576K
}
Event: 870.015 GC heap before
{Heap before GC invocations=61 (full 0):
 garbage-first heap   total 184320K, used 157641K [0x0000000743800000, 0x0000000800000000)
  region size 2048K, 54 young (110592K), 1 survivors (2048K)
 Metaspace       used 81727K, committed 83328K, reserved 1179648K
  class space    used 11768K, committed 12416K, reserved 1048576K
}
Event: 870.020 GC heap after
{Heap after GC invocations=62 (full 0):
 garbage-first heap   total 184320K, used 48391K [0x0000000743800000, 0x0000000800000000)
  region size 2048K, 1 young (2048K), 1 survivors (2048K)
 Metaspace       used 81727K, committed 83328K, reserved 1179648K
  class space    used 11768K, committed 12416K, reserved 1048576K
}
Event: 871.152 GC heap before
{Heap before GC invocations=62 (full 0):
 garbage-first heap   total 184320K, used 156935K [0x0000000743800000, 0x0000000800000000)
  region size 2048K, 54 young (110592K), 1 survivors (2048K)
 Metaspace       used 81727K, committed 83328K, reserved 1179648K
  class space    used 11768K, committed 12416K, reserved 1048576K
}

